<?xml version="1.0" encoding="UTF-8"?>
<!-- Generated by org.testng.reporters.JUnitReportReporter -->
<testsuite skipped="0" hostname="D1RCZ4.bell.corp.bce.ca" name="other.testcases.TestFlight" tests="1" failures="0" timestamp="13 Oct 2020 18:30:36 GMT" time="275.406" errors="0">
  <testcase name="TestFlightUpdateScript" time="275.406" classname="other.testcases.TestFlight"/>
</testsuite> <!-- other.testcases.TestFlight -->
